Job counts:
	count	jobs
	1	bwa_index
	1	bwa_mem
	1	samtools_sort
	3
[bwa_index] Pack FASTA... 0.36 sec
[bwa_index] Construct BWT for the packed sequence...
[BWTIncCreate] textLength=76920452, availableWord=77408992
[bwt_gen] Finished constructing BWT in 6 iterations.
[bwa_index] 20.95 seconds elapse.
[bwa_index] Update BWT... 0.33 sec
[bwa_index] Pack forward-only FASTA... 0.23 sec
[bwa_index] Construct SA from BWT and Occ... 6.53 sec
[main] Version: 0.7.17-r1188
[main] CMD: bwa index -b 60000000 alignment_files/Subject_index.fasta
[main] Real time: 28.658 sec; CPU: 28.406 sec
[M::bwa_idx_load_from_disk] read 0 ALT contigs
[M::process] read 102208 sequences (20958731 bp)...
[M::mem_process_seqs] Processed 102208 reads in 86.594 CPU sec, 10.833 real sec
[main] Version: 0.7.17-r1188
[main] CMD: bwa mem -t 8 alignment_files/Subject_index.fasta reads_prepped/Horizontal_prepped.fasta
[main] Real time: 11.521 sec; CPU: 87.109 sec
[bam_sort_core] merging from 0 files and 8 in-memory blocks...
