usage: snakemake [-h] [--dry-run] [--profile PROFILE]
                 [--cache [RULE [RULE ...]]] [--snakefile FILE] [--cores [N]]
                 [--local-cores N] [--resources [NAME=INT [NAME=INT ...]]]
                 [--set-threads RULE=THREADS [RULE=THREADS ...]]
                 [--set-scatter NAME=SCATTERITEMS [NAME=SCATTERITEMS ...]]
                 [--default-resources [NAME=INT [NAME=INT ...]]]
                 [--preemption-default PREEMPTION_DEFAULT]
                 [--preemptible-rules PREEMPTIBLE_RULES [PREEMPTIBLE_RULES ...]]
                 [--config [KEY=VALUE [KEY=VALUE ...]]]
                 [--configfile FILE [FILE ...]]
                 [--envvars VARNAME [VARNAME ...]] [--directory DIR] [--touch]
                 [--keep-going] [--force] [--forceall]
                 [--forcerun [TARGET [TARGET ...]]]
                 [--prioritize TARGET [TARGET ...]]
                 [--batch RULE=BATCH/BATCHES] [--until TARGET [TARGET ...]]
                 [--omit-from TARGET [TARGET ...]] [--rerun-incomplete]
                 [--shadow-prefix DIR] [--scheduler [{ilp,greedy}]]
                 [--scheduler-ilp-solver {COIN_CMD}]
                 [--groups GROUPS [GROUPS ...]]
                 [--group-components GROUP_COMPONENTS [GROUP_COMPONENTS ...]]
                 [--report [FILE]] [--report-stylesheet CSSFILE]
                 [--edit-notebook TARGET] [--notebook-listen IP:PORT]
                 [--lint [{text,json}]] [--export-cwl FILE] [--list]
                 [--list-target-rules] [--dag] [--rulegraph] [--filegraph]
                 [--d3dag] [--summary] [--detailed-summary] [--archive FILE]
                 [--cleanup-metadata FILE [FILE ...]] [--cleanup-shadow]
                 [--skip-script-cleanup] [--unlock] [--list-version-changes]
                 [--list-code-changes] [--list-input-changes]
                 [--list-params-changes] [--list-untracked]
                 [--delete-all-output] [--delete-temp-output]
                 [--bash-completion] [--keep-incomplete] [--version]
                 [--reason] [--gui [PORT]] [--printshellcmds] [--debug-dag]
                 [--stats FILE] [--nocolor] [--quiet] [--print-compilation]
                 [--verbose] [--force-use-threads] [--allow-ambiguity]
                 [--nolock] [--ignore-incomplete]
                 [--max-inventory-time SECONDS] [--latency-wait SECONDS]
                 [--wait-for-files [FILE [FILE ...]]] [--notemp]
                 [--keep-remote] [--keep-target-files]
                 [--allowed-rules ALLOWED_RULES [ALLOWED_RULES ...]]
                 [--max-jobs-per-second MAX_JOBS_PER_SECOND]
                 [--max-status-checks-per-second MAX_STATUS_CHECKS_PER_SECOND]
                 [-T RESTART_TIMES] [--attempt ATTEMPT]
                 [--wrapper-prefix WRAPPER_PREFIX]
                 [--default-remote-provider {S3,GS,FTP,SFTP,S3Mocked,gfal,gridftp,iRODS,AzBlob}]
                 [--default-remote-prefix DEFAULT_REMOTE_PREFIX]
                 [--no-shared-fs] [--greediness GREEDINESS] [--no-hooks]
                 [--overwrite-shellcmd OVERWRITE_SHELLCMD] [--debug]
                 [--runtime-profile FILE] [--mode {0,1,2}]
                 [--show-failed-logs] [--log-handler-script FILE]
                 [--log-service {none,slack}]
                 [--cluster CMD | --cluster-sync CMD | --drmaa [ARGS]]
                 [--cluster-config FILE] [--immediate-submit]
                 [--jobscript SCRIPT] [--jobname NAME]
                 [--cluster-status CLUSTER_STATUS] [--drmaa-log-dir DIR]
                 [--kubernetes [NAMESPACE]] [--container-image IMAGE]
                 [--tibanna] [--tibanna-sfn TIBANNA_SFN]
                 [--precommand PRECOMMAND]
                 [--tibanna-config TIBANNA_CONFIG [TIBANNA_CONFIG ...]]
                 [--google-lifesciences]
                 [--google-lifesciences-regions GOOGLE_LIFESCIENCES_REGIONS [GOOGLE_LIFESCIENCES_REGIONS ...]]
                 [--google-lifesciences-location GOOGLE_LIFESCIENCES_LOCATION]
                 [--google-lifesciences-keep-cache] [--use-conda]
                 [--list-conda-envs] [--conda-prefix DIR]
                 [--conda-cleanup-envs]
                 [--conda-cleanup-pkgs [{tarballs,cache}]]
                 [--conda-create-envs-only] [--conda-frontend {conda,mamba}]
                 [--use-singularity] [--singularity-prefix DIR]
                 [--singularity-args ARGS] [--use-envmodules]
                 [target [target ...]]
snakemake: error: unrecognized arguments: -o
